[2019-01-08 13:29:29,474] WARN  {com.zaxxer.hikari.pool.HikariPool} - HikariPool-1 - Thread starvation or clock leap detected (housekeeper delta=53m58s567ms).  
[2019-01-08 16:20:17,755] WARN  {com.zaxxer.hikari.pool.HikariPool} - HikariPool-1 - Thread starvation or clock leap detected (housekeeper delta=45m47s509ms).  
[2019-01-09 10:45:14,774] WARN  {com.zaxxer.hikari.pool.HikariPool} - HikariPool-1 - Thread starvation or clock leap detected (housekeeper delta=4m48s691ms).  
[2019-01-09 10:51:32,934] WARN  {com.zaxxer.hikari.pool.HikariPool} - HikariPool-1 - Thread starvation or clock leap detected (housekeeper delta=6m18s163ms).  
[2019-01-09 11:01:54,109] WARN  {com.zaxxer.hikari.pool.HikariPool} - HikariPool-1 - Thread starvation or clock leap detected (housekeeper delta=10m21s175ms).  
[2019-01-09 11:25:26,733] WARN  {com.zaxxer.hikari.pool.HikariPool} - HikariPool-1 - Thread starvation or clock leap detected (housekeeper delta=2m2s512ms).  
[2019-01-09 12:03:10,134] WARN  {com.zaxxer.hikari.pool.HikariPool} - HikariPool-1 - Thread starvation or clock leap detected (housekeeper delta=5m13s228ms).  
[2019-01-09 12:05:36,592] WARN  {com.zaxxer.hikari.pool.HikariPool} - HikariPool-1 - Thread starvation or clock leap detected (housekeeper delta=2m26s458ms).  
[2019-01-09 12:19:46,507] WARN  {com.zaxxer.hikari.pool.HikariPool} - HikariPool-1 - Thread starvation or clock leap detected (housekeeper delta=1m39s858ms).  
[2019-01-09 13:40:52,132] WARN  {com.zaxxer.hikari.pool.HikariPool} - HikariPool-1 - Thread starvation or clock leap detected (housekeeper delta=32m5s341ms).  
[2019-01-09 13:53:11,757] WARN  {com.zaxxer.hikari.pool.HikariPool} - HikariPool-1 - Thread starvation or clock leap detected (housekeeper delta=12m19s625ms).  
[2019-01-09 15:40:00,793] WARN  {com.zaxxer.hikari.pool.HikariPool} - HikariPool-1 - Thread starvation or clock leap detected (housekeeper delta=4m48s405ms).  
[2019-01-09 16:10:42,238] WARN  {com.zaxxer.hikari.pool.HikariPool} - HikariPool-1 - Thread starvation or clock leap detected (housekeeper delta=30m11s451ms).  
[2019-01-10 12:24:12,853] ERROR {org.ballerinalang.net.http.HttpConnectorPortBindingListener} - Error in http endpoint 
java.net.BindException: Address already in use
	at sun.nio.ch.Net.bind0(Native Method)
	at sun.nio.ch.Net.bind(Net.java:433)
	at sun.nio.ch.Net.bind(Net.java:425)
	at sun.nio.ch.ServerSocketChannelImpl.bind(ServerSocketChannelImpl.java:223)
	at io.netty.channel.socket.nio.NioServerSocketChannel.doBind(NioServerSocketChannel.java:128)
	at io.netty.channel.AbstractChannel$AbstractUnsafe.bind(AbstractChannel.java:558)
	at io.netty.channel.DefaultChannelPipeline$HeadContext.bind(DefaultChannelPipeline.java:1283)
	at io.netty.channel.AbstractChannelHandlerContext.invokeBind(AbstractChannelHandlerContext.java:501)
	at io.netty.channel.AbstractChannelHandlerContext.bind(AbstractChannelHandlerContext.java:486)
	at io.netty.channel.DefaultChannelPipeline.bind(DefaultChannelPipeline.java:989)
	at io.netty.channel.AbstractChannel.bind(AbstractChannel.java:254)
	at io.netty.bootstrap.AbstractBootstrap$2.run(AbstractBootstrap.java:364)
	at io.netty.util.concurrent.AbstractEventExecutor.safeExecute(AbstractEventExecutor.java:163)
	at io.netty.util.concurrent.SingleThreadEventExecutor.runAllTasks(SingleThreadEventExecutor.java:404)
	at io.netty.channel.nio.NioEventLoop.run(NioEventLoop.java:463)
	at io.netty.util.concurrent.SingleThreadEventExecutor$5.run(SingleThreadEventExecutor.java:886)
	at io.netty.util.concurrent.FastThreadLocalRunnable.run(FastThreadLocalRunnable.java:30)
	at java.lang.Thread.run(Thread.java:748)
 
[2019-01-10 15:53:57,026] WARN  {com.zaxxer.hikari.pool.HikariPool} - HikariPool-1 - Thread starvation or clock leap detected (housekeeper delta=4m48s731ms).  
[2019-01-10 16:26:06,862] WARN  {com.zaxxer.hikari.pool.HikariPool} - HikariPool-1 - Thread starvation or clock leap detected (housekeeper delta=31m39s835ms).  
